This file contains any messages produced by compilers while
running configure, to aid debugging if configure makes a mistake.

It was created by xapian-evaluation configure 1.3.0, which was
generated by GNU Autoconf 2.69.  Invocation command line was

  $ ./configure 

## --------- ##
## Platform. ##
## --------- ##

hostname = gaurav
uname -m = x86_64
uname -r = 3.6.11-1-ARCH
uname -s = Linux
uname -v = #1 SMP PREEMPT Tue Dec 18 08:57:15 CET 2012

/usr/bin/uname -p = unknown
/bin/uname -X     = unknown

/bin/arch              = unknown
/usr/bin/arch -k       = unknown
/usr/convex/getsysinfo = unknown
/usr/bin/hostinfo      = unknown
/bin/machine           = unknown
/usr/bin/oslevel       = unknown
/bin/universe          = unknown

PATH: /usr/local/bin
PATH: /usr/bin
PATH: /bin
PATH: /usr/local/sbin
PATH: /usr/sbin
PATH: /sbin
PATH: /usr/bin/vendor_perl
PATH: /usr/bin/core_perl


## ----------- ##
## Core tests. ##
## ----------- ##

configure:2594: checking for a BSD-compatible install
configure:2662: result: /usr/bin/install -c
configure:2673: checking whether build environment is sane
configure:2728: result: yes
configure:2879: checking for a thread-safe mkdir -p
configure:2918: result: /usr/bin/mkdir -p
configure:2925: checking for gawk
configure:2941: found /usr/bin/gawk
configure:2952: result: gawk
configure:2963: checking whether make sets $(MAKE)
configure:2985: result: yes
configure:3014: checking whether make supports nested variables
configure:3031: result: yes
configure:3105: checking how to create a ustar tar archive
configure:3118: tar --version
tar (GNU tar) 1.26
Copyright (C) 2011 Free Software Foundation, Inc.
License GPLv3+: GNU GPL version 3 or later <http://gnu.org/licenses/gpl.html>.
This is free software: you are free to change and redistribute it.
There is NO WARRANTY, to the extent permitted by law.

Written by John Gilmore and Jay Fenlason.
configure:3121: $? = 0
configure:3161: tardir=conftest.dir && eval tar --format=ustar -chf - "$tardir" >conftest.tar
configure:3164: $? = 0
configure:3168: tar -xf - <conftest.tar
configure:3171: $? = 0
configure:3184: result: gnutar
configure:3258: checking for g++
configure:3274: found /usr/bin/g++
configure:3285: result: g++
configure:3312: checking for C++ compiler version
configure:3321: g++ --version >&5
g++ (GCC) 4.7.2
Copyright (C) 2012 Free Software Foundation, Inc.
This is free software; see the source for copying conditions.  There is NO
warranty; not even for MERCHANTABILITY or FITNESS FOR A PARTICULAR PURPOSE.

configure:3332: $? = 0
configure:3321: g++ -v >&5
Using built-in specs.
COLLECT_GCC=g++
COLLECT_LTO_WRAPPER=/usr/lib/gcc/x86_64-unknown-linux-gnu/4.7.2/lto-wrapper
Target: x86_64-unknown-linux-gnu
Configured with: /build/src/gcc-4.7.2/configure --prefix=/usr --libdir=/usr/lib --libexecdir=/usr/lib --mandir=/usr/share/man --infodir=/usr/share/info --with-bugurl=https://bugs.archlinux.org/ --enable-languages=c,c++,ada,fortran,go,lto,objc,obj-c++ --enable-shared --enable-threads=posix --with-system-zlib --enable-__cxa_atexit --disable-libunwind-exceptions --enable-clocale=gnu --disable-libstdcxx-pch --enable-libstdcxx-time --enable-gnu-unique-object --enable-linker-build-id --with-ppl --enable-cloog-backend=isl --disable-ppl-version-check --disable-cloog-version-check --enable-lto --enable-gold --enable-ld=default --enable-plugin --with-plugin-ld=ld.gold --with-linker-hash-style=gnu --disable-multilib --disable-libssp --disable-build-with-cxx --disable-build-poststage1-with-cxx --enable-checking=release
Thread model: posix
gcc version 4.7.2 (GCC) 
configure:3332: $? = 0
configure:3321: g++ -V >&5
g++: error: unrecognized command line option '-V'
g++: fatal error: no input files
compilation terminated.
configure:3332: $? = 1
configure:3321: g++ -qversion >&5
g++: error: unrecognized command line option '-qversion'
g++: fatal error: no input files
compilation terminated.
configure:3332: $? = 1
configure:3352: checking whether the C++ compiler works
configure:3374: g++    conftest.cpp  >&5
configure:3378: $? = 0
configure:3426: result: yes
configure:3429: checking for C++ compiler default output file name
configure:3431: result: a.out
configure:3437: checking for suffix of executables
configure:3444: g++ -o conftest    conftest.cpp  >&5
configure:3448: $? = 0
configure:3470: result: 
configure:3492: checking whether we are cross compiling
configure:3500: g++ -o conftest    conftest.cpp  >&5
configure:3504: $? = 0
configure:3511: ./conftest
configure:3515: $? = 0
configure:3530: result: no
configure:3535: checking for suffix of object files
configure:3557: g++ -c   conftest.cpp >&5
configure:3561: $? = 0
configure:3582: result: o
configure:3586: checking whether we are using the GNU C++ compiler
configure:3605: g++ -c   conftest.cpp >&5
configure:3605: $? = 0
configure:3614: result: yes
configure:3623: checking whether g++ accepts -g
configure:3643: g++ -c -g  conftest.cpp >&5
configure:3643: $? = 0
configure:3684: result: yes
configure:3718: checking for style of include used by make
configure:3746: result: GNU
configure:3772: checking dependency style of g++
configure:3883: result: gcc3
configure:3929: checking build system type
configure:3943: result: x86_64-unknown-linux-gnu
configure:3963: checking host system type
configure:3976: result: x86_64-unknown-linux-gnu
configure:4017: checking how to print strings
configure:4044: result: printf
configure:4113: checking for gcc
configure:4129: found /usr/bin/gcc
configure:4140: result: gcc
configure:4369: checking for C compiler version
configure:4378: gcc --version >&5
gcc (GCC) 4.7.2
Copyright (C) 2012 Free Software Foundation, Inc.
This is free software; see the source for copying conditions.  There is NO
warranty; not even for MERCHANTABILITY or FITNESS FOR A PARTICULAR PURPOSE.

configure:4389: $? = 0
configure:4378: gcc -v >&5
Using built-in specs.
COLLECT_GCC=gcc
COLLECT_LTO_WRAPPER=/usr/lib/gcc/x86_64-unknown-linux-gnu/4.7.2/lto-wrapper
Target: x86_64-unknown-linux-gnu
Configured with: /build/src/gcc-4.7.2/configure --prefix=/usr --libdir=/usr/lib --libexecdir=/usr/lib --mandir=/usr/share/man --infodir=/usr/share/info --with-bugurl=https://bugs.archlinux.org/ --enable-languages=c,c++,ada,fortran,go,lto,objc,obj-c++ --enable-shared --enable-threads=posix --with-system-zlib --enable-__cxa_atexit --disable-libunwind-exceptions --enable-clocale=gnu --disable-libstdcxx-pch --enable-libstdcxx-time --enable-gnu-unique-object --enable-linker-build-id --with-ppl --enable-cloog-backend=isl --disable-ppl-version-check --disable-cloog-version-check --enable-lto --enable-gold --enable-ld=default --enable-plugin --with-plugin-ld=ld.gold --with-linker-hash-style=gnu --disable-multilib --disable-libssp --disable-build-with-cxx --disable-build-poststage1-with-cxx --enable-checking=release
Thread model: posix
gcc version 4.7.2 (GCC) 
configure:4389: $? = 0
configure:4378: gcc -V >&5
gcc: error: unrecognized command line option '-V'
gcc: fatal error: no input files
compilation terminated.
configure:4389: $? = 1
configure:4378: gcc -qversion >&5
gcc: error: unrecognized command line option '-qversion'
gcc: fatal error: no input files
compilation terminated.
configure:4389: $? = 1
configure:4393: checking whether we are using the GNU C compiler
configure:4412: gcc -c   conftest.c >&5
configure:4412: $? = 0
configure:4421: result: yes
configure:4430: checking whether gcc accepts -g
configure:4450: gcc -c -g  conftest.c >&5
configure:4450: $? = 0
configure:4491: result: yes
configure:4508: checking for gcc option to accept ISO C89
configure:4571: gcc  -c   conftest.c >&5
configure:4571: $? = 0
configure:4584: result: none needed
configure:4606: checking dependency style of gcc
configure:4717: result: gcc3
configure:4732: checking for a sed that does not truncate output
configure:4796: result: /usr/bin/sed
configure:4814: checking for grep that handles long lines and -e
configure:4872: result: /usr/bin/grep
configure:4877: checking for egrep
configure:4939: result: /usr/bin/grep -E
configure:4944: checking for fgrep
configure:5006: result: /usr/bin/grep -F
configure:5041: checking for ld used by gcc
configure:5108: result: /usr/bin/ld
configure:5115: checking if the linker (/usr/bin/ld) is GNU ld
configure:5130: result: yes
configure:5142: checking for BSD- or MS-compatible name lister (nm)
configure:5191: result: /usr/bin/nm -B
configure:5321: checking the name lister (/usr/bin/nm -B) interface
configure:5328: gcc -c   conftest.c >&5
configure:5331: /usr/bin/nm -B "conftest.o"
configure:5334: output
0000000000000000 B some_variable
configure:5341: result: BSD nm
configure:5344: checking whether ln -s works
configure:5348: result: yes
configure:5356: checking the maximum length of command line arguments
configure:5486: result: 1572864
configure:5503: checking whether the shell understands some XSI constructs
configure:5513: result: yes
configure:5517: checking whether the shell understands "+="
configure:5523: result: yes
configure:5558: checking how to convert x86_64-unknown-linux-gnu file names to x86_64-unknown-linux-gnu format
configure:5598: result: func_convert_file_noop
configure:5605: checking how to convert x86_64-unknown-linux-gnu file names to toolchain format
configure:5625: result: func_convert_file_noop
configure:5632: checking for /usr/bin/ld option to reload object files
configure:5639: result: -r
configure:5713: checking for objdump
configure:5729: found /usr/bin/objdump
configure:5740: result: objdump
configure:5772: checking how to recognize dependent libraries
configure:5974: result: pass_all
configure:6059: checking for dlltool
configure:6089: result: no
configure:6119: checking how to associate runtime and link libraries
configure:6146: result: printf %s\n
configure:6207: checking for ar
configure:6223: found /usr/bin/ar
configure:6234: result: ar
configure:6271: checking for archiver @FILE support
configure:6288: gcc -c   conftest.c >&5
configure:6288: $? = 0
configure:6291: ar cru libconftest.a @conftest.lst >&5
configure:6294: $? = 0
configure:6299: ar cru libconftest.a @conftest.lst >&5
ar: conftest.o: No such file or directory
configure:6302: $? = 1
configure:6314: result: @
configure:6372: checking for strip
configure:6388: found /usr/bin/strip
configure:6399: result: strip
configure:6471: checking for ranlib
configure:6487: found /usr/bin/ranlib
configure:6498: result: ranlib
configure:6600: checking command to parse /usr/bin/nm -B output from gcc object
configure:6720: gcc -c   conftest.c >&5
configure:6723: $? = 0
configure:6727: /usr/bin/nm -B conftest.o \| sed -n -e 's/^.*[ ]\([ABCDGIRSTW][ABCDGIRSTW]*\)[ ][ ]*\([_A-Za-z][_A-Za-z0-9]*\)$/\1 \2 \2/p' | sed '/ __gnu_lto/d' \> conftest.nm
configure:6730: $? = 0
configure:6796: gcc -o conftest    conftest.c conftstm.o >&5
configure:6799: $? = 0
configure:6837: result: ok
configure:6874: checking for sysroot
configure:6904: result: no
configure:6981: gcc -c   conftest.c >&5
configure:6984: $? = 0
configure:7160: checking for mt
configure:7190: result: no
configure:7210: checking if : is a manifest tool
configure:7216: : '-?'
configure:7224: result: no
configure:7866: checking how to run the C preprocessor
configure:7897: gcc -E  conftest.c
configure:7897: $? = 0
configure:7911: gcc -E  conftest.c
conftest.c:11:28: fatal error: ac_nonexistent.h: No such file or directory
compilation terminated.
configure:7911: $? = 1
configure: failed program was:
| /* confdefs.h */
| #define PACKAGE_NAME "xapian-evaluation"
| #define PACKAGE_TARNAME "xapian-evaluation"
| #define PACKAGE_VERSION "1.3.0"
| #define PACKAGE_STRING "xapian-evaluation 1.3.0"
| #define PACKAGE_BUGREPORT "http://xapian.org/bugs"
| #define PACKAGE_URL ""
| #define PACKAGE "xapian-evaluation"
| #define VERSION "1.3.0"
| /* end confdefs.h.  */
| #include <ac_nonexistent.h>
configure:7936: result: gcc -E
configure:7956: gcc -E  conftest.c
configure:7956: $? = 0
configure:7970: gcc -E  conftest.c
conftest.c:11:28: fatal error: ac_nonexistent.h: No such file or directory
compilation terminated.
configure:7970: $? = 1
configure: failed program was:
| /* confdefs.h */
| #define PACKAGE_NAME "xapian-evaluation"
| #define PACKAGE_TARNAME "xapian-evaluation"
| #define PACKAGE_VERSION "1.3.0"
| #define PACKAGE_STRING "xapian-evaluation 1.3.0"
| #define PACKAGE_BUGREPORT "http://xapian.org/bugs"
| #define PACKAGE_URL ""
| #define PACKAGE "xapian-evaluation"
| #define VERSION "1.3.0"
| /* end confdefs.h.  */
| #include <ac_nonexistent.h>
configure:7999: checking for ANSI C header files
configure:8019: gcc -c   conftest.c >&5
configure:8019: $? = 0
configure:8092: gcc -o conftest    conftest.c  >&5
configure:8092: $? = 0
configure:8092: ./conftest
configure:8092: $? = 0
configure:8103: result: yes
configure:8116: checking for sys/types.h
configure:8116: gcc -c   conftest.c >&5
configure:8116: $? = 0
configure:8116: result: yes
configure:8116: checking for sys/stat.h
configure:8116: gcc -c   conftest.c >&5
configure:8116: $? = 0
configure:8116: result: yes
configure:8116: checking for stdlib.h
configure:8116: gcc -c   conftest.c >&5
configure:8116: $? = 0
configure:8116: result: yes
configure:8116: checking for string.h
configure:8116: gcc -c   conftest.c >&5
configure:8116: $? = 0
configure:8116: result: yes
configure:8116: checking for memory.h
configure:8116: gcc -c   conftest.c >&5
configure:8116: $? = 0
configure:8116: result: yes
configure:8116: checking for strings.h
configure:8116: gcc -c   conftest.c >&5
configure:8116: $? = 0
configure:8116: result: yes
configure:8116: checking for inttypes.h
configure:8116: gcc -c   conftest.c >&5
configure:8116: $? = 0
configure:8116: result: yes
configure:8116: checking for stdint.h
configure:8116: gcc -c   conftest.c >&5
configure:8116: $? = 0
configure:8116: result: yes
configure:8116: checking for unistd.h
configure:8116: gcc -c   conftest.c >&5
configure:8116: $? = 0
configure:8116: result: yes
configure:8130: checking for dlfcn.h
configure:8130: gcc -c   conftest.c >&5
configure:8130: $? = 0
configure:8130: result: yes
configure:8347: checking for objdir
configure:8362: result: .libs
configure:8633: checking if gcc supports -fno-rtti -fno-exceptions
configure:8651: gcc -c   -fno-rtti -fno-exceptions conftest.c >&5
cc1: warning: command line option '-fno-rtti' is valid for C++/ObjC++ but not for C [enabled by default]
configure:8655: $? = 0
configure:8668: result: no
configure:8995: checking for gcc option to produce PIC
configure:9002: result: -fPIC -DPIC
configure:9010: checking if gcc PIC flag -fPIC -DPIC works
configure:9028: gcc -c   -fPIC -DPIC -DPIC conftest.c >&5
configure:9032: $? = 0
configure:9045: result: yes
configure:9074: checking if gcc static flag -static works
configure:9102: result: yes
configure:9117: checking if gcc supports -c -o file.o
configure:9138: gcc -c   -o out/conftest2.o conftest.c >&5
configure:9142: $? = 0
configure:9164: result: yes
configure:9172: checking if gcc supports -c -o file.o
configure:9219: result: yes
configure:9252: checking whether the gcc linker (/usr/bin/ld -m elf_x86_64) supports shared libraries
configure:10405: result: yes
configure:10442: checking whether -lc should be explicitly linked in
configure:10450: gcc -c   conftest.c >&5
configure:10453: $? = 0
configure:10468: gcc -shared  -fPIC -DPIC conftest.o  -v -Wl,-soname -Wl,conftest -o conftest 2\>\&1 \| /usr/bin/grep  -lc  \>/dev/null 2\>\&1
configure:10471: $? = 0
configure:10485: result: no
configure:10645: checking dynamic linker characteristics
configure:11156: gcc -o conftest    -Wl,-rpath -Wl,/foo conftest.c  >&5
configure:11156: $? = 0
configure:11378: result: GNU/Linux ld.so
configure:11485: checking how to hardcode library paths into programs
configure:11510: result: immediate
configure:12050: checking whether stripping libraries is possible
configure:12055: result: yes
configure:12090: checking if libtool supports shared libraries
configure:12092: result: yes
configure:12095: checking whether to build shared libraries
configure:12116: result: yes
configure:12119: checking whether to build static libraries
configure:12123: result: yes
configure:12146: checking how to run the C++ preprocessor
configure:12173: g++ -E  conftest.cpp
configure:12173: $? = 0
configure:12187: g++ -E  conftest.cpp
conftest.cpp:23:28: fatal error: ac_nonexistent.h: No such file or directory
compilation terminated.
configure:12187: $? = 1
configure: failed program was:
| /* confdefs.h */
| #define PACKAGE_NAME "xapian-evaluation"
| #define PACKAGE_TARNAME "xapian-evaluation"
| #define PACKAGE_VERSION "1.3.0"
| #define PACKAGE_STRING "xapian-evaluation 1.3.0"
| #define PACKAGE_BUGREPORT "http://xapian.org/bugs"
| #define PACKAGE_URL ""
| #define PACKAGE "xapian-evaluation"
| #define VERSION "1.3.0"
| #define STDC_HEADERS 1
| #define HAVE_SYS_TYPES_H 1
| #define HAVE_SYS_STAT_H 1
| #define HAVE_STDLIB_H 1
| #define HAVE_STRING_H 1
| #define HAVE_MEMORY_H 1
| #define HAVE_STRINGS_H 1
| #define HAVE_INTTYPES_H 1
| #define HAVE_STDINT_H 1
| #define HAVE_UNISTD_H 1
| #define HAVE_DLFCN_H 1
| #define LT_OBJDIR ".libs/"
| /* end confdefs.h.  */
| #include <ac_nonexistent.h>
configure:12212: result: g++ -E
configure:12232: g++ -E  conftest.cpp
configure:12232: $? = 0
configure:12246: g++ -E  conftest.cpp
conftest.cpp:23:28: fatal error: ac_nonexistent.h: No such file or directory
compilation terminated.
configure:12246: $? = 1
configure: failed program was:
| /* confdefs.h */
| #define PACKAGE_NAME "xapian-evaluation"
| #define PACKAGE_TARNAME "xapian-evaluation"
| #define PACKAGE_VERSION "1.3.0"
| #define PACKAGE_STRING "xapian-evaluation 1.3.0"
| #define PACKAGE_BUGREPORT "http://xapian.org/bugs"
| #define PACKAGE_URL ""
| #define PACKAGE "xapian-evaluation"
| #define VERSION "1.3.0"
| #define STDC_HEADERS 1
| #define HAVE_SYS_TYPES_H 1
| #define HAVE_SYS_STAT_H 1
| #define HAVE_STDLIB_H 1
| #define HAVE_STRING_H 1
| #define HAVE_MEMORY_H 1
| #define HAVE_STRINGS_H 1
| #define HAVE_INTTYPES_H 1
| #define HAVE_STDINT_H 1
| #define HAVE_UNISTD_H 1
| #define HAVE_DLFCN_H 1
| #define LT_OBJDIR ".libs/"
| /* end confdefs.h.  */
| #include <ac_nonexistent.h>
configure:12415: checking for ld used by g++
configure:12482: result: /usr/bin/ld -m elf_x86_64
configure:12489: checking if the linker (/usr/bin/ld -m elf_x86_64) is GNU ld
configure:12504: result: yes
configure:12559: checking whether the g++ linker (/usr/bin/ld -m elf_x86_64) supports shared libraries
configure:13564: result: yes
configure:13600: g++ -c   conftest.cpp >&5
configure:13603: $? = 0
configure:14123: checking for g++ option to produce PIC
configure:14130: result: -fPIC -DPIC
configure:14138: checking if g++ PIC flag -fPIC -DPIC works
configure:14156: g++ -c   -fPIC -DPIC -DPIC conftest.cpp >&5
configure:14160: $? = 0
configure:14173: result: yes
configure:14196: checking if g++ static flag -static works
configure:14224: result: yes
configure:14236: checking if g++ supports -c -o file.o
configure:14257: g++ -c   -o out/conftest2.o conftest.cpp >&5
configure:14261: $? = 0
configure:14283: result: yes
configure:14288: checking if g++ supports -c -o file.o
configure:14335: result: yes
configure:14365: checking whether the g++ linker (/usr/bin/ld -m elf_x86_64) supports shared libraries
configure:14401: result: yes
configure:14542: checking dynamic linker characteristics
configure:15209: result: GNU/Linux ld.so
configure:15262: checking how to hardcode library paths into programs
configure:15287: result: immediate
configure:15364: checking fcntl.h usability
configure:15364: g++ -c     conftest.cpp >&5
configure:15364: $? = 0
configure:15364: result: yes
configure:15364: checking fcntl.h presence
configure:15364: g++ -E  conftest.cpp
configure:15364: $? = 0
configure:15364: result: yes
configure:15364: checking for fcntl.h
configure:15364: result: yes
configure:15364: checking limits.h usability
configure:15364: g++ -c     conftest.cpp >&5
configure:15364: $? = 0
configure:15364: result: yes
configure:15364: checking limits.h presence
configure:15364: g++ -E  conftest.cpp
configure:15364: $? = 0
configure:15364: result: yes
configure:15364: checking for limits.h
configure:15364: result: yes
configure:15364: checking malloc.h usability
configure:15364: g++ -c     conftest.cpp >&5
configure:15364: $? = 0
configure:15364: result: yes
configure:15364: checking malloc.h presence
configure:15364: g++ -E  conftest.cpp
configure:15364: $? = 0
configure:15364: result: yes
configure:15364: checking for malloc.h
configure:15364: result: yes
configure:15364: checking for memory.h
configure:15364: result: yes
configure:15364: checking for stdlib.h
configure:15364: result: yes
configure:15364: checking for string.h
configure:15364: result: yes
configure:15364: checking for strings.h
configure:15364: result: yes
configure:15364: checking sys/time.h usability
configure:15364: g++ -c     conftest.cpp >&5
configure:15364: $? = 0
configure:15364: result: yes
configure:15364: checking sys/time.h presence
configure:15364: g++ -E  conftest.cpp
configure:15364: $? = 0
configure:15364: result: yes
configure:15364: checking for sys/time.h
configure:15364: result: yes
configure:15364: checking for unistd.h
configure:15364: result: yes
configure:15364: checking utime.h usability
configure:15364: g++ -c     conftest.cpp >&5
configure:15364: $? = 0
configure:15364: result: yes
configure:15364: checking utime.h presence
configure:15364: g++ -E  conftest.cpp
configure:15364: $? = 0
configure:15364: result: yes
configure:15364: checking for utime.h
configure:15364: result: yes
configure:15375: checking for stdbool.h that conforms to C99
configure:15442: g++ -c     conftest.cpp >&5
configure:15442: $? = 0
configure:15449: result: yes
configure:15451: checking for _Bool
configure:15451: g++ -c     conftest.cpp >&5
conftest.cpp: In function 'int main()':
conftest.cpp:69:13: error: '_Bool' was not declared in this scope
configure:15451: $? = 1
configure: failed program was:
| /* confdefs.h */
| #define PACKAGE_NAME "xapian-evaluation"
| #define PACKAGE_TARNAME "xapian-evaluation"
| #define PACKAGE_VERSION "1.3.0"
| #define PACKAGE_STRING "xapian-evaluation 1.3.0"
| #define PACKAGE_BUGREPORT "http://xapian.org/bugs"
| #define PACKAGE_URL ""
| #define PACKAGE "xapian-evaluation"
| #define VERSION "1.3.0"
| #define STDC_HEADERS 1
| #define HAVE_SYS_TYPES_H 1
| #define HAVE_SYS_STAT_H 1
| #define HAVE_STDLIB_H 1
| #define HAVE_STRING_H 1
| #define HAVE_MEMORY_H 1
| #define HAVE_STRINGS_H 1
| #define HAVE_INTTYPES_H 1
| #define HAVE_STDINT_H 1
| #define HAVE_UNISTD_H 1
| #define HAVE_DLFCN_H 1
| #define LT_OBJDIR ".libs/"
| #define HAVE_FCNTL_H 1
| #define HAVE_LIMITS_H 1
| #define HAVE_MALLOC_H 1
| #define HAVE_MEMORY_H 1
| #define HAVE_STDLIB_H 1
| #define HAVE_STRING_H 1
| #define HAVE_STRINGS_H 1
| #define HAVE_SYS_TIME_H 1
| #define HAVE_UNISTD_H 1
| #define HAVE_UTIME_H 1
| /* end confdefs.h.  */
| #include <stdio.h>
| #ifdef HAVE_SYS_TYPES_H
| # include <sys/types.h>
| #endif
| #ifdef HAVE_SYS_STAT_H
| # include <sys/stat.h>
| #endif
| #ifdef STDC_HEADERS
| # include <stdlib.h>
| # include <stddef.h>
| #else
| # ifdef HAVE_STDLIB_H
| #  include <stdlib.h>
| # endif
| #endif
| #ifdef HAVE_STRING_H
| # if !defined STDC_HEADERS && defined HAVE_MEMORY_H
| #  include <memory.h>
| # endif
| # include <string.h>
| #endif
| #ifdef HAVE_STRINGS_H
| # include <strings.h>
| #endif
| #ifdef HAVE_INTTYPES_H
| # include <inttypes.h>
| #endif
| #ifdef HAVE_STDINT_H
| # include <stdint.h>
| #endif
| #ifdef HAVE_UNISTD_H
| # include <unistd.h>
| #endif
| int
| main ()
| {
| if (sizeof (_Bool))
| 	 return 0;
|   ;
|   return 0;
| }
configure:15451: result: no
configure:15463: checking for inline
configure:15479: g++ -c     conftest.cpp >&5
configure:15479: $? = 0
configure:15487: result: inline
configure:15506: checking for off_t
configure:15506: g++ -c     conftest.cpp >&5
configure:15506: $? = 0
configure:15506: g++ -c     conftest.cpp >&5
conftest.cpp: In function 'int main()':
conftest.cpp:69:19: error: expected primary-expression before ')' token
configure:15506: $? = 1
configure: failed program was:
| /* confdefs.h */
| #define PACKAGE_NAME "xapian-evaluation"
| #define PACKAGE_TARNAME "xapian-evaluation"
| #define PACKAGE_VERSION "1.3.0"
| #define PACKAGE_STRING "xapian-evaluation 1.3.0"
| #define PACKAGE_BUGREPORT "http://xapian.org/bugs"
| #define PACKAGE_URL ""
| #define PACKAGE "xapian-evaluation"
| #define VERSION "1.3.0"
| #define STDC_HEADERS 1
| #define HAVE_SYS_TYPES_H 1
| #define HAVE_SYS_STAT_H 1
| #define HAVE_STDLIB_H 1
| #define HAVE_STRING_H 1
| #define HAVE_MEMORY_H 1
| #define HAVE_STRINGS_H 1
| #define HAVE_INTTYPES_H 1
| #define HAVE_STDINT_H 1
| #define HAVE_UNISTD_H 1
| #define HAVE_DLFCN_H 1
| #define LT_OBJDIR ".libs/"
| #define HAVE_FCNTL_H 1
| #define HAVE_LIMITS_H 1
| #define HAVE_MALLOC_H 1
| #define HAVE_MEMORY_H 1
| #define HAVE_STDLIB_H 1
| #define HAVE_STRING_H 1
| #define HAVE_STRINGS_H 1
| #define HAVE_SYS_TIME_H 1
| #define HAVE_UNISTD_H 1
| #define HAVE_UTIME_H 1
| /* end confdefs.h.  */
| #include <stdio.h>
| #ifdef HAVE_SYS_TYPES_H
| # include <sys/types.h>
| #endif
| #ifdef HAVE_SYS_STAT_H
| # include <sys/stat.h>
| #endif
| #ifdef STDC_HEADERS
| # include <stdlib.h>
| # include <stddef.h>
| #else
| # ifdef HAVE_STDLIB_H
| #  include <stdlib.h>
| # endif
| #endif
| #ifdef HAVE_STRING_H
| # if !defined STDC_HEADERS && defined HAVE_MEMORY_H
| #  include <memory.h>
| # endif
| # include <string.h>
| #endif
| #ifdef HAVE_STRINGS_H
| # include <strings.h>
| #endif
| #ifdef HAVE_INTTYPES_H
| # include <inttypes.h>
| #endif
| #ifdef HAVE_STDINT_H
| # include <stdint.h>
| #endif
| #ifdef HAVE_UNISTD_H
| # include <unistd.h>
| #endif
| int
| main ()
| {
| if (sizeof ((off_t)))
| 	    return 0;
|   ;
|   return 0;
| }
configure:15506: result: yes
configure:15518: checking for size_t
configure:15518: g++ -c     conftest.cpp >&5
configure:15518: $? = 0
configure:15518: g++ -c     conftest.cpp >&5
conftest.cpp: In function 'int main()':
conftest.cpp:69:20: error: expected primary-expression before ')' token
configure:15518: $? = 1
configure: failed program was:
| /* confdefs.h */
| #define PACKAGE_NAME "xapian-evaluation"
| #define PACKAGE_TARNAME "xapian-evaluation"
| #define PACKAGE_VERSION "1.3.0"
| #define PACKAGE_STRING "xapian-evaluation 1.3.0"
| #define PACKAGE_BUGREPORT "http://xapian.org/bugs"
| #define PACKAGE_URL ""
| #define PACKAGE "xapian-evaluation"
| #define VERSION "1.3.0"
| #define STDC_HEADERS 1
| #define HAVE_SYS_TYPES_H 1
| #define HAVE_SYS_STAT_H 1
| #define HAVE_STDLIB_H 1
| #define HAVE_STRING_H 1
| #define HAVE_MEMORY_H 1
| #define HAVE_STRINGS_H 1
| #define HAVE_INTTYPES_H 1
| #define HAVE_STDINT_H 1
| #define HAVE_UNISTD_H 1
| #define HAVE_DLFCN_H 1
| #define LT_OBJDIR ".libs/"
| #define HAVE_FCNTL_H 1
| #define HAVE_LIMITS_H 1
| #define HAVE_MALLOC_H 1
| #define HAVE_MEMORY_H 1
| #define HAVE_STDLIB_H 1
| #define HAVE_STRING_H 1
| #define HAVE_STRINGS_H 1
| #define HAVE_SYS_TIME_H 1
| #define HAVE_UNISTD_H 1
| #define HAVE_UTIME_H 1
| /* end confdefs.h.  */
| #include <stdio.h>
| #ifdef HAVE_SYS_TYPES_H
| # include <sys/types.h>
| #endif
| #ifdef HAVE_SYS_STAT_H
| # include <sys/stat.h>
| #endif
| #ifdef STDC_HEADERS
| # include <stdlib.h>
| # include <stddef.h>
| #else
| # ifdef HAVE_STDLIB_H
| #  include <stdlib.h>
| # endif
| #endif
| #ifdef HAVE_STRING_H
| # if !defined STDC_HEADERS && defined HAVE_MEMORY_H
| #  include <memory.h>
| # endif
| # include <string.h>
| #endif
| #ifdef HAVE_STRINGS_H
| # include <strings.h>
| #endif
| #ifdef HAVE_INTTYPES_H
| # include <inttypes.h>
| #endif
| #ifdef HAVE_STDINT_H
| # include <stdint.h>
| #endif
| #ifdef HAVE_UNISTD_H
| # include <unistd.h>
| #endif
| int
| main ()
| {
| if (sizeof ((size_t)))
| 	    return 0;
|   ;
|   return 0;
| }
configure:15518: result: yes
configure:15530: checking for error_at_line
configure:15546: g++ -o conftest      conftest.cpp  >&5
configure:15546: $? = 0
configure:15554: result: yes
configure:15566: checking whether lstat correctly handles trailing slash
configure:15592: g++ -o conftest      conftest.cpp  >&5
configure:15592: $? = 0
configure:15592: ./conftest
configure:15592: $? = 0
configure:15609: result: yes
configure:15631: checking for stdlib.h
configure:15631: result: yes
configure:15641: checking for GNU libc compatible malloc
configure:15665: g++ -o conftest      conftest.cpp  >&5
configure:15665: $? = 0
configure:15665: ./conftest
configure:15665: $? = 0
configure:15675: result: yes
configure:15697: checking for working strtod
configure:15738: g++ -o conftest      conftest.cpp  >&5
conftest.cpp: In function 'int main()':
conftest.cpp:78:20: warning: deprecated conversion from string constant to 'char*' [-Wwrite-strings]
conftest.cpp:89:20: warning: deprecated conversion from string constant to 'char*' [-Wwrite-strings]
configure:15738: $? = 0
configure:15738: ./conftest
configure:15738: $? = 0
configure:15748: result: yes
configure:15814: checking for gettimeofday
configure:15814: g++ -o conftest      conftest.cpp  >&5
configure:15814: $? = 0
configure:15814: result: yes
configure:15814: checking for strchr
configure:15814: g++ -o conftest      conftest.cpp  >&5
configure:15814: $? = 0
configure:15814: result: yes
configure:15814: checking for strcspn
configure:15814: g++ -o conftest      conftest.cpp  >&5
configure:15814: $? = 0
configure:15814: result: yes
configure:15814: checking for strrchr
configure:15814: g++ -o conftest      conftest.cpp  >&5
configure:15814: $? = 0
configure:15814: result: yes
configure:15814: checking for strspn
configure:15814: g++ -o conftest      conftest.cpp  >&5
configure:15814: $? = 0
configure:15814: result: yes
configure:15814: checking for strstr
configure:15814: g++ -o conftest      conftest.cpp  >&5
configure:15814: $? = 0
configure:15814: result: yes
configure:15843: checking for xapian-config
configure:15861: found /usr/local/bin/xapian-config
configure:15873: result: /usr/local/bin/xapian-config
configure:15896: checking /usr/local/bin/xapian-config works
-L/usr/local/lib -lxapian-1.3
-I/usr/local/include/xapian-1.3
configure:15900: result: yes
configure:15933: checking for fcntl.h
configure:15933: result: yes
configure:15933: checking for limits.h
configure:15933: result: yes
configure:15933: checking for sys/errno.h
configure:15933: g++ -c    -I/usr/local/include/xapian-1.3  conftest.cpp >&5
configure:15933: $? = 0
configure:15933: result: yes
configure:15933: checking for sys/select.h
configure:15933: g++ -c    -I/usr/local/include/xapian-1.3  conftest.cpp >&5
configure:15933: $? = 0
configure:15933: result: yes
configure:15948: checking for strftime
configure:15948: g++ -o conftest    -I/usr/local/include/xapian-1.3   conftest.cpp  >&5
configure:15948: $? = 0
configure:15948: result: yes
configure:16004: checking for gettimeofday
configure:16004: result: yes
configure:16004: checking for ftime
configure:16004: g++ -o conftest    -I/usr/local/include/xapian-1.3   conftest.cpp  >&5
configure:16004: $? = 0
configure:16004: result: yes
configure:16126: checking that generated files are newer than configure
configure:16132: result: done
configure:16159: creating ./config.status

## ---------------------- ##
## Running config.status. ##
## ---------------------- ##

This file was extended by xapian-evaluation config.status 1.3.0, which was
generated by GNU Autoconf 2.69.  Invocation command line was

  CONFIG_FILES    = 
  CONFIG_HEADERS  = 
  CONFIG_LINKS    = 
  CONFIG_COMMANDS = 
  $ ./config.status 

on gaurav

config.status:1176: creating Makefile
config.status:1176: creating src/Makefile
config.status:1176: creating config.h
config.status:1357: config.h is unchanged
config.status:1405: executing depfiles commands
config.status:1405: executing libtool commands

## ---------------- ##
## Cache variables. ##
## ---------------- ##

ac_cv_build=x86_64-unknown-linux-gnu
ac_cv_c_compiler_gnu=yes
ac_cv_c_inline=inline
ac_cv_cxx_compiler_gnu=yes
ac_cv_env_CCC_set=
ac_cv_env_CCC_value=
ac_cv_env_CC_set=
ac_cv_env_CC_value=
ac_cv_env_CFLAGS_set=
ac_cv_env_CFLAGS_value=
ac_cv_env_CPPFLAGS_set=
ac_cv_env_CPPFLAGS_value=
ac_cv_env_CPP_set=
ac_cv_env_CPP_value=
ac_cv_env_CXXCPP_set=
ac_cv_env_CXXCPP_value=
ac_cv_env_CXXFLAGS_set=
ac_cv_env_CXXFLAGS_value=
ac_cv_env_CXX_set=
ac_cv_env_CXX_value=
ac_cv_env_LDFLAGS_set=
ac_cv_env_LDFLAGS_value=
ac_cv_env_LIBS_set=
ac_cv_env_LIBS_value=
ac_cv_env_XAPIAN_CONFIG_set=
ac_cv_env_XAPIAN_CONFIG_value=
ac_cv_env_build_alias_set=
ac_cv_env_build_alias_value=
ac_cv_env_host_alias_set=
ac_cv_env_host_alias_value=
ac_cv_env_target_alias_set=
ac_cv_env_target_alias_value=
ac_cv_func_ftime=yes
ac_cv_func_gettimeofday=yes
ac_cv_func_lstat_dereferences_slashed_symlink=yes
ac_cv_func_malloc_0_nonnull=yes
ac_cv_func_strchr=yes
ac_cv_func_strcspn=yes
ac_cv_func_strftime=yes
ac_cv_func_strrchr=yes
ac_cv_func_strspn=yes
ac_cv_func_strstr=yes
ac_cv_func_strtod=yes
ac_cv_header_dlfcn_h=yes
ac_cv_header_fcntl_h=yes
ac_cv_header_inttypes_h=yes
ac_cv_header_limits_h=yes
ac_cv_header_malloc_h=yes
ac_cv_header_memory_h=yes
ac_cv_header_stdbool_h=yes
ac_cv_header_stdc=yes
ac_cv_header_stdint_h=yes
ac_cv_header_stdlib_h=yes
ac_cv_header_string_h=yes
ac_cv_header_strings_h=yes
ac_cv_header_sys_errno_h=yes
ac_cv_header_sys_select_h=yes
ac_cv_header_sys_stat_h=yes
ac_cv_header_sys_time_h=yes
ac_cv_header_sys_types_h=yes
ac_cv_header_unistd_h=yes
ac_cv_header_utime_h=yes
ac_cv_host=x86_64-unknown-linux-gnu
ac_cv_lib_error_at_line=yes
ac_cv_objext=o
ac_cv_path_EGREP='/usr/bin/grep -E'
ac_cv_path_FGREP='/usr/bin/grep -F'
ac_cv_path_GREP=/usr/bin/grep
ac_cv_path_SED=/usr/bin/sed
ac_cv_path_XAPIAN_CONFIG=/usr/local/bin/xapian-config
ac_cv_path_install='/usr/bin/install -c'
ac_cv_path_mkdir=/usr/bin/mkdir
ac_cv_prog_AWK=gawk
ac_cv_prog_CPP='gcc -E'
ac_cv_prog_CXXCPP='g++ -E'
ac_cv_prog_ac_ct_AR=ar
ac_cv_prog_ac_ct_CC=gcc
ac_cv_prog_ac_ct_CXX=g++
ac_cv_prog_ac_ct_OBJDUMP=objdump
ac_cv_prog_ac_ct_RANLIB=ranlib
ac_cv_prog_ac_ct_STRIP=strip
ac_cv_prog_cc_c89=
ac_cv_prog_cc_g=yes
ac_cv_prog_cxx_g=yes
ac_cv_prog_make_make_set=yes
ac_cv_type__Bool=no
ac_cv_type_off_t=yes
ac_cv_type_size_t=yes
am_cv_CC_dependencies_compiler_type=gcc3
am_cv_CXX_dependencies_compiler_type=gcc3
am_cv_make_support_nested_variables=yes
am_cv_prog_tar_ustar=gnutar
lt_cv_ar_at_file=@
lt_cv_archive_cmds_need_lc=no
lt_cv_deplibs_check_method=pass_all
lt_cv_file_magic_cmd='$MAGIC_CMD'
lt_cv_file_magic_test_file=
lt_cv_ld_reload_flag=-r
lt_cv_nm_interface='BSD nm'
lt_cv_objdir=.libs
lt_cv_path_LD=/usr/bin/ld
lt_cv_path_LDCXX='/usr/bin/ld -m elf_x86_64'
lt_cv_path_NM='/usr/bin/nm -B'
lt_cv_path_mainfest_tool=no
lt_cv_prog_compiler_c_o=yes
lt_cv_prog_compiler_c_o_CXX=yes
lt_cv_prog_compiler_pic='-fPIC -DPIC'
lt_cv_prog_compiler_pic_CXX='-fPIC -DPIC'
lt_cv_prog_compiler_pic_works=yes
lt_cv_prog_compiler_pic_works_CXX=yes
lt_cv_prog_compiler_rtti_exceptions=no
lt_cv_prog_compiler_static_works=yes
lt_cv_prog_compiler_static_works_CXX=yes
lt_cv_prog_gnu_ld=yes
lt_cv_prog_gnu_ldcxx=yes
lt_cv_sharedlib_from_linklib_cmd='printf %s\n'
lt_cv_shlibpath_overrides_runpath=no
lt_cv_sys_global_symbol_pipe='sed -n -e '\''s/^.*[	 ]\([ABCDGIRSTW][ABCDGIRSTW]*\)[	 ][	 ]*\([_A-Za-z][_A-Za-z0-9]*\)$/\1 \2 \2/p'\'' | sed '\''/ __gnu_lto/d'\'''
lt_cv_sys_global_symbol_to_c_name_address='sed -n -e '\''s/^: \([^ ]*\)[ ]*$/  {\"\1\", (void *) 0},/p'\'' -e '\''s/^[ABCDGIRSTW]* \([^ ]*\) \([^ ]*\)$/  {"\2", (void *) \&\2},/p'\'''
lt_cv_sys_global_symbol_to_c_name_address_lib_prefix='sed -n -e '\''s/^: \([^ ]*\)[ ]*$/  {\"\1\", (void *) 0},/p'\'' -e '\''s/^[ABCDGIRSTW]* \([^ ]*\) \(lib[^ ]*\)$/  {"\2", (void *) \&\2},/p'\'' -e '\''s/^[ABCDGIRSTW]* \([^ ]*\) \([^ ]*\)$/  {"lib\2", (void *) \&\2},/p'\'''
lt_cv_sys_global_symbol_to_cdecl='sed -n -e '\''s/^T .* \(.*\)$/extern int \1();/p'\'' -e '\''s/^[ABCDGIRSTW]* .* \(.*\)$/extern char \1;/p'\'''
lt_cv_sys_max_cmd_len=1572864
lt_cv_to_host_file_cmd=func_convert_file_noop
lt_cv_to_tool_file_cmd=func_convert_file_noop

## ----------------- ##
## Output variables. ##
## ----------------- ##

ACLOCAL='${SHELL} /home/gaurav/Work/xapian/xapian-evaluation/missing aclocal-1.13'
AMDEPBACKSLASH='\'
AMDEP_FALSE='#'
AMDEP_TRUE=''
AMTAR='$${TAR-tar}'
AM_BACKSLASH='\'
AM_DEFAULT_V='$(AM_DEFAULT_VERBOSITY)'
AM_DEFAULT_VERBOSITY='1'
AM_V='$(V)'
AR='ar'
AUTOCONF='${SHELL} /home/gaurav/Work/xapian/xapian-evaluation/missing autoconf'
AUTOHEADER='${SHELL} /home/gaurav/Work/xapian/xapian-evaluation/missing autoheader'
AUTOMAKE='${SHELL} /home/gaurav/Work/xapian/xapian-evaluation/missing automake-1.13'
AWK='gawk'
CC='gcc'
CCDEPMODE='depmode=gcc3'
CFLAGS=''
CPP='gcc -E'
CPPFLAGS=''
CXX='g++'
CXXCPP='g++ -E'
CXXDEPMODE='depmode=gcc3'
CXXFLAGS='   -I/usr/local/include/xapian-1.3'
CYGPATH_W='echo'
DEFS='-DHAVE_CONFIG_H'
DEPDIR='.deps'
DLLTOOL='false'
DSYMUTIL=''
DUMPBIN=''
ECHO_C=''
ECHO_N='-n'
ECHO_T=''
EGREP='/usr/bin/grep -E'
EXEEXT=''
FGREP='/usr/bin/grep -F'
GREP='/usr/bin/grep'
INSTALL_DATA='${INSTALL} -m 644'
INSTALL_PROGRAM='${INSTALL}'
INSTALL_SCRIPT='${INSTALL}'
INSTALL_STRIP_PROGRAM='$(install_sh) -c -s'
LD='/usr/bin/ld -m elf_x86_64'
LDFLAGS=''
LIBOBJS=''
LIBRARY_VERSION_INFO='0:0:0'
LIBS=''
LIBTOOL='$(SHELL) $(top_builddir)/libtool'
LIPO=''
LN_S='ln -s'
LTLIBOBJS=''
MAKEINFO='${SHELL} /home/gaurav/Work/xapian/xapian-evaluation/missing makeinfo'
MANIFEST_TOOL=':'
MKDIR_P='/usr/bin/mkdir -p'
NM='/usr/bin/nm -B'
NMEDIT=''
OBJDUMP='objdump'
OBJEXT='o'
OTOOL64=''
OTOOL=''
PACKAGE='xapian-evaluation'
PACKAGE_BUGREPORT='http://xapian.org/bugs'
PACKAGE_NAME='xapian-evaluation'
PACKAGE_STRING='xapian-evaluation 1.3.0'
PACKAGE_TARNAME='xapian-evaluation'
PACKAGE_URL=''
PACKAGE_VERSION='1.3.0'
PATH_SEPARATOR=':'
POW_LIB=''
RANLIB='ranlib'
SED='/usr/bin/sed'
SET_MAKE=''
SHELL='/bin/sh'
STRIP='strip'
VERSION='1.3.0'
XAPIAN_CONFIG='/usr/local/bin/xapian-config'
XAPIAN_CXXFLAGS='-I/usr/local/include/xapian-1.3'
XAPIAN_LIBS='-L/usr/local/lib -lxapian-1.3'
XAPIAN_VERSION='1.3.0'
ac_ct_AR='ar'
ac_ct_CC='gcc'
ac_ct_CXX='g++'
ac_ct_DUMPBIN=''
am__EXEEXT_FALSE=''
am__EXEEXT_TRUE='#'
am__fastdepCC_FALSE='#'
am__fastdepCC_TRUE=''
am__fastdepCXX_FALSE='#'
am__fastdepCXX_TRUE=''
am__include='include'
am__isrc=''
am__leading_dot='.'
am__nodep='_no'
am__quote=''
am__tar='tar --format=ustar -chf - "$$tardir"'
am__untar='tar -xf -'
bindir='${exec_prefix}/bin'
build='x86_64-unknown-linux-gnu'
build_alias=''
build_cpu='x86_64'
build_os='linux-gnu'
build_vendor='unknown'
datadir='${datarootdir}'
datarootdir='${prefix}/share'
docdir='${datarootdir}/doc/${PACKAGE_TARNAME}'
dvidir='${docdir}'
exec_prefix='${prefix}'
host='x86_64-unknown-linux-gnu'
host_alias=''
host_cpu='x86_64'
host_os='linux-gnu'
host_vendor='unknown'
htmldir='${docdir}'
includedir='${prefix}/include'
infodir='${datarootdir}/info'
install_sh='${SHELL} /home/gaurav/Work/xapian/xapian-evaluation/install-sh'
libdir='${exec_prefix}/lib'
libexecdir='${exec_prefix}/libexec'
localedir='${datarootdir}/locale'
localstatedir='${prefix}/var'
mandir='${datarootdir}/man'
mkdir_p='$(MKDIR_P)'
oldincludedir='/usr/include'
pdfdir='${docdir}'
prefix='/usr/local'
program_transform_name='s,x,x,'
psdir='${docdir}'
sbindir='${exec_prefix}/sbin'
sharedstatedir='${prefix}/com'
sysconfdir='${prefix}/etc'
target_alias=''

## ----------- ##
## confdefs.h. ##
## ----------- ##

/* confdefs.h */
#define PACKAGE_NAME "xapian-evaluation"
#define PACKAGE_TARNAME "xapian-evaluation"
#define PACKAGE_VERSION "1.3.0"
#define PACKAGE_STRING "xapian-evaluation 1.3.0"
#define PACKAGE_BUGREPORT "http://xapian.org/bugs"
#define PACKAGE_URL ""
#define PACKAGE "xapian-evaluation"
#define VERSION "1.3.0"
#define STDC_HEADERS 1
#define HAVE_SYS_TYPES_H 1
#define HAVE_SYS_STAT_H 1
#define HAVE_STDLIB_H 1
#define HAVE_STRING_H 1
#define HAVE_MEMORY_H 1
#define HAVE_STRINGS_H 1
#define HAVE_INTTYPES_H 1
#define HAVE_STDINT_H 1
#define HAVE_UNISTD_H 1
#define HAVE_DLFCN_H 1
#define LT_OBJDIR ".libs/"
#define HAVE_FCNTL_H 1
#define HAVE_LIMITS_H 1
#define HAVE_MALLOC_H 1
#define HAVE_MEMORY_H 1
#define HAVE_STDLIB_H 1
#define HAVE_STRING_H 1
#define HAVE_STRINGS_H 1
#define HAVE_SYS_TIME_H 1
#define HAVE_UNISTD_H 1
#define HAVE_UTIME_H 1
#define LSTAT_FOLLOWS_SLASHED_SYMLINK 1
#define HAVE_STDLIB_H 1
#define HAVE_MALLOC 1
#define HAVE_GETTIMEOFDAY 1
#define HAVE_STRCHR 1
#define HAVE_STRCSPN 1
#define HAVE_STRRCHR 1
#define HAVE_STRSPN 1
#define HAVE_STRSTR 1
#define HAVE_FCNTL_H 1
#define HAVE_LIMITS_H 1
#define HAVE_SYS_ERRNO_H 1
#define HAVE_SYS_SELECT_H 1
#define HAVE_STRFTIME 1
#define HAVE_GETTIMEOFDAY 1
#define HAVE_FTIME 1

configure: exit 0

## ---------------------- ##
## Running config.status. ##
## ---------------------- ##

This file was extended by xapian-evaluation config.status 1.3.0, which was
generated by GNU Autoconf 2.69.  Invocation command line was

  CONFIG_FILES    = 
  CONFIG_HEADERS  = 
  CONFIG_LINKS    = 
  CONFIG_COMMANDS = 
  $ ./config.status src/Makefile depfiles

on gaurav

config.status:1176: creating src/Makefile
config.status:1405: executing depfiles commands
